time="2020-11-14T01:01:51+01:00" level=info msg="Successfully initialize configuration config/freecli.yaml" category=Init component=Freecli
time="2020-11-14T01:01:57+01:00" level=info msg="Successfully initialize configuration config/freecli.yaml" category=Init component=Freecli
time="2020-11-14T01:19:24+01:00" level=info msg="Successfully initialize configuration config/freecli.yaml" category=Init component=Freecli
time="2020-11-14T01:28:02+01:00" level=info msg="Successfully initialize configuration config/freecli.yaml" category=Init component=Freecli
time="2020-11-14T01:31:51+01:00" level=info msg="Successfully initialize configuration config/freecli.yaml" category=Init component=Freecli
time="2020-11-14T01:32:26+01:00" level=info msg="Successfully initialize configuration config/freecli.yaml" category=Init component=Freecli
time="2020-11-14T01:33:27+01:00" level=info msg="Successfully initialize configuration config/freecli.yaml" category=Init component=Freecli
time="2020-11-14T01:34:21+01:00" level=info msg="Successfully initialize configuration config/freecli.yaml" category=Init component=Freecli
time="2020-11-14T01:35:50+01:00" level=info msg="Successfully initialize configuration config/freecli.yaml" category=Init component=Freecli
time="2020-11-14T01:41:27+01:00" level=info msg="Successfully initialize configuration config/freecli.yaml" category=Init component=Freecli
time="2020-11-14T01:42:03+01:00" level=info msg="Successfully initialize configuration config/freecli.yaml" category=Init component=Freecli
time="2020-11-14T01:42:15+01:00" level=info msg="Successfully initialize configuration config/freecli.yaml" category=Init component=Freecli
time="2020-11-14T01:42:41+01:00" level=info msg="Successfully initialize configuration config/freecli.yaml" category=Init component=Freecli
time="2020-11-14T01:48:46+01:00" level=info msg="Successfully initialize configuration config/freecli.yaml" category=Init component=Freecli
time="2020-11-14T01:48:56+01:00" level=info msg="Successfully initialize configuration config/freecli.yaml" category=Init component=Freecli
time="2020-11-14T01:50:25+01:00" level=info msg="Successfully initialize configuration config/freecli.yaml" category=Init component=Freecli
time="2020-11-14T01:51:21+01:00" level=info msg="Successfully initialize configuration config/freecli.yaml" category=Init component=Freecli
time="2020-11-14T01:52:00+01:00" level=info msg="Successfully initialize configuration config/freecli.yaml" category=Init component=Freecli
time="2020-11-14T01:52:52+01:00" level=info msg="Successfully initialize configuration config/freecli.yaml" category=Init component=Freecli
time="2020-11-14T01:53:45+01:00" level=info msg="Successfully initialize configuration config/freecli.yaml" category=Init component=Freecli
time="2020-11-14T01:54:19+01:00" level=info msg="Successfully initialize configuration config/freecli.yaml" category=Init component=Freecli
time="2020-11-14T01:55:42+01:00" level=info msg="Successfully initialize configuration config/freecli.yaml" category=Init component=Freecli
time="2020-11-14T01:56:03+01:00" level=info msg="Successfully initialize configuration config/freecli.yaml" category=Init component=Freecli
time="2020-11-14T01:56:23+01:00" level=info msg="Successfully initialize configuration config/freecli.yaml" category=Init component=Freecli
time="2020-11-14T01:57:39+01:00" level=info msg="Successfully initialize configuration config/freecli.yaml" category=Init component=Freecli
time="2020-11-14T01:58:58+01:00" level=info msg="Successfully initialize configuration config/freecli.yaml" category=Init component=Freecli
time="2020-11-14T01:59:55+01:00" level=info msg="Successfully initialize configuration config/freecli.yaml" category=Init component=Freecli
time="2020-11-14T02:00:17+01:00" level=info msg="Successfully initialize configuration config/freecli.yaml" category=Init component=Freecli
time="2020-11-14T02:05:35+01:00" level=info msg="Successfully initialize configuration config/freecli.yaml" category=Init component=Freecli
time="2020-11-14T02:11:12+01:00" level=info msg="Successfully initialize configuration config/freecli.yaml" category=Init component=Freecli
time="2020-11-14T02:11:33+01:00" level=info msg="Successfully initialize configuration config/freecli.yaml" category=Init component=Freecli
time="2020-11-14T02:12:31+01:00" level=info msg="Successfully initialize configuration config/freecli.yaml" category=Init component=Freecli
time="2020-11-14T02:12:53+01:00" level=info msg="Successfully initialize configuration config/freecli.yaml" category=Init component=Freecli
time="2020-11-14T02:13:16+01:00" level=info msg="Successfully initialize configuration config/freecli.yaml" category=Init component=Freecli
time="2020-11-14T02:14:19+01:00" level=info msg="Successfully initialize configuration config/freecli.yaml" category=Init component=Freecli
time="2020-11-14T02:14:44+01:00" level=info msg="Successfully initialize configuration config/freecli.yaml" category=Init component=Freecli
time="2020-11-14T02:19:37+01:00" level=info msg="Successfully initialize configuration config/freecli.yaml" category=Init component=Freecli
time="2020-11-14T02:21:29+01:00" level=info msg="Successfully initialize configuration config/freecli.yaml" category=Init component=Freecli
time="2020-11-14T02:22:33+01:00" level=info msg="Successfully initialize configuration config/freecli.yaml" category=Init component=Freecli
time="2020-11-14T02:28:56+01:00" level=info msg="Successfully initialize configuration config/freecli.yaml" category=Init component=Freecli
time="2020-11-14T02:48:44+01:00" level=info msg="Successfully initialize configuration config/freecli.yaml" category=Init component=Freecli
time="2020-11-14T02:49:11+01:00" level=info msg="Successfully initialize configuration config/freecli.yaml" category=Init component=Freecli
time="2020-11-14T02:50:27+01:00" level=info msg="Successfully initialize configuration config/freecli.yaml" category=Init component=Freecli
time="2020-11-14T15:11:40+01:00" level=info msg="Successfully initialize configuration config/freecli.yaml" category=Init component=Freecli
time="2020-11-14T15:11:54+01:00" level=info msg="Successfully initialize configuration config/freecli.yaml" category=Init component=Freecli
time="2020-11-14T15:11:55+01:00" level=info msg="Exiting Freecli..." category=App component=Freecli
time="2020-11-14T15:15:46+01:00" level=info msg="Successfully initialize configuration config/freecli.yaml" category=Init component=Freecli
time="2020-11-14T15:23:06+01:00" level=info msg="Exiting Freecli..." category=App component=Freecli
time="2020-11-14T15:23:08+01:00" level=info msg="Successfully initialize configuration config/freecli.yaml" category=Init component=Freecli
time="2020-11-14T15:24:24+01:00" level=info msg="Exiting Freecli..." category=App component=Freecli
time="2020-11-14T15:24:27+01:00" level=info msg="Successfully initialize configuration config/freecli.yaml" category=Init component=Freecli
time="2020-11-14T15:24:30+01:00" level=info msg="Exiting Freecli..." category=App component=Freecli
time="2020-11-14T15:54:27+01:00" level=info msg="Successfully initialize configuration config/freecli.yaml" category=Init component=Freecli
time="2020-11-14T15:54:52+01:00" level=info msg="Exiting Freecli..." category=App component=Freecli
time="2020-11-14T15:55:01+01:00" level=info msg="Successfully initialize configuration config/freecli.yaml" category=Init component=Freecli
time="2020-11-14T15:55:32+01:00" level=info msg="Exiting Freecli..." category=App component=Freecli
time="2020-11-14T16:52:38+01:00" level=info msg="Successfully initialize configuration config/freecli.yaml" category=Init component=Freecli
time="2020-11-14T16:54:56+01:00" level=info msg="Exiting Freecli..." category=App component=Freecli
time="2020-11-14T16:54:59+01:00" level=info msg="Successfully initialize configuration config/freecli.yaml" category=Init component=Freecli
time="2020-11-14T16:58:08+01:00" level=info msg="Exiting Freecli..." category=App component=Freecli
time="2020-11-14T16:58:11+01:00" level=info msg="Successfully initialize configuration config/freecli.yaml" category=Init component=Freecli
time="2020-11-14T16:58:50+01:00" level=info msg="Exiting Freecli..." category=App component=Freecli
time="2020-11-14T16:58:53+01:00" level=info msg="Successfully initialize configuration config/freecli.yaml" category=Init component=Freecli
time="2020-11-14T16:59:12+01:00" level=info msg="Exiting Freecli..." category=App component=Freecli
time="2020-11-14T16:59:18+01:00" level=info msg="Successfully initialize configuration config/freecli.yaml" category=Init component=Freecli
time="2020-11-14T16:59:19+01:00" level=info msg="Exiting Freecli..." category=App component=Freecli
time="2020-11-14T18:11:04+01:00" level=info msg="Successfully initialize configuration config/freecli.yaml" category=Init component=Freecli
time="2020-11-14T18:11:55+01:00" level=info msg="Exiting Freecli..." category=App component=Freecli
time="2020-11-14T18:11:57+01:00" level=info msg="Successfully initialize configuration config/freecli.yaml" category=Init component=Freecli
time="2020-11-14T18:13:56+01:00" level=info msg="Exiting Freecli..." category=App component=Freecli
time="2020-11-14T18:13:59+01:00" level=info msg="Successfully initialize configuration config/freecli.yaml" category=Init component=Freecli
time="2020-11-14T18:15:47+01:00" level=info msg="Exiting Freecli..." category=App component=Freecli
time="2020-11-14T18:28:34+01:00" level=info msg="Successfully initialize configuration config/freecli.yaml" category=Init component=Freecli
time="2020-11-14T18:28:36+01:00" level=info msg="Exiting Freecli..." category=App component=Freecli
time="2020-11-14T18:31:46+01:00" level=info msg="Successfully initialize configuration config/freecli.yaml" category=Init component=Freecli
time="2020-11-14T18:35:41+01:00" level=info msg="Exiting Freecli..." category=App component=Freecli
time="2020-11-14T18:35:45+01:00" level=info msg="Successfully initialize configuration config/freecli.yaml" category=Init component=Freecli
time="2020-11-14T20:55:16+01:00" level=info msg="Exiting Freecli..." category=App component=Freecli
time="2020-11-14T20:55:20+01:00" level=info msg="Successfully initialize configuration config/freecli.yaml" category=Init component=Freecli
time="2020-11-14T20:55:32+01:00" level=info msg="Exiting Freecli..." category=App component=Freecli
time="2020-11-14T20:56:04+01:00" level=info msg="Successfully initialize configuration config/freecli.yaml" category=Init component=Freecli
time="2020-11-14T22:15:23+01:00" level=info msg="Exiting Freecli..." category=App component=Freecli
time="2020-11-14T22:22:39+01:00" level=info msg="Successfully initialize configuration config/freecli.yaml" category=Init component=Freecli
time="2020-11-14T22:22:48+01:00" level=info msg="Exiting Freecli..." category=App component=Freecli
time="2020-11-14T22:22:55+01:00" level=info msg="Successfully initialize configuration config/freecli.yaml" category=Init component=Freecli
time="2020-11-14T22:23:01+01:00" level=info msg="Exiting Freecli..." category=App component=Freecli
time="2020-11-14T22:44:30+01:00" level=info msg="Successfully initialize configuration config/freecli.yaml" category=Init component=Freecli
time="2020-11-14T22:44:39+01:00" level=info msg="Exiting Freecli..." category=App component=Freecli
time="2020-11-14T22:45:46+01:00" level=info msg="Successfully initialize configuration config/freecli.yaml" category=Init component=Freecli
time="2020-11-14T22:48:17+01:00" level=info msg="Exiting Freecli..." category=App component=Freecli
time="2020-11-14T22:48:19+01:00" level=info msg="Successfully initialize configuration config/freecli.yaml" category=Init component=Freecli
time="2020-11-14T22:48:24+01:00" level=info msg="Exiting Freecli..." category=App component=Freecli
time="2020-11-14T22:48:27+01:00" level=info msg="Successfully initialize configuration config/freecli.yaml" category=Init component=Freecli
time="2020-11-14T22:48:41+01:00" level=info msg="Exiting Freecli..." category=App component=Freecli
time="2020-11-14T22:48:45+01:00" level=info msg="Successfully initialize configuration config/freecli.yaml" category=Init component=Freecli
time="2020-11-14T22:52:41+01:00" level=info msg="Exiting Freecli..." category=App component=Freecli
time="2020-11-14T22:52:43+01:00" level=info msg="Successfully initialize configuration config/freecli.yaml" category=Init component=Freecli
time="2020-11-14T22:52:45+01:00" level=info msg="Loading subscriber module..." category=App component=Freecli
time="2020-11-14T22:52:56+01:00" level=info msg="Loading configuration module..." category=App component=Freecli
time="2020-11-14T22:53:40+01:00" level=info msg="Loading subscriber module..." category=App component=Freecli
time="2020-11-14T22:53:49+01:00" level=info msg="Loading configuration module..." category=App component=Freecli
time="2020-11-14T22:57:30+01:00" level=info msg="Exiting Freecli..." category=App component=Freecli
time="2020-11-14T22:57:32+01:00" level=info msg="Successfully initialize configuration config/freecli.yaml" category=Init component=Freecli
time="2020-11-14T22:57:34+01:00" level=info msg="Loading g-nb module..." category=App component=Freecli
time="2020-11-14T22:59:42+01:00" level=info msg="Exiting Freecli..." category=App component=Freecli
time="2020-11-14T22:59:44+01:00" level=info msg="Successfully initialize configuration config/freecli.yaml" category=Init component=Freecli
time="2020-11-14T22:59:46+01:00" level=info msg="Loading subscriber module..." category=App component=Freecli
time="2020-11-14T23:00:48+01:00" level=info msg="Exiting Freecli..." category=App component=Freecli
time="2020-11-14T23:00:53+01:00" level=info msg="Successfully initialize configuration config/freecli.yaml" category=Init component=Freecli
time="2020-11-14T23:00:55+01:00" level=info msg="Loading subscriber module..." category=App component=Freecli
time="2020-11-14T23:03:41+01:00" level=info msg="Exiting Freecli..." category=App component=Freecli
time="2020-11-14T23:03:44+01:00" level=info msg="Successfully initialize configuration config/freecli.yaml" category=Init component=Freecli
time="2020-11-14T23:03:46+01:00" level=info msg="Loading subscriber module..." category=App component=Freecli
time="2020-11-14T23:03:48+01:00" level=info msg="Exiting Freecli..." category=App component=Freecli
time="2020-11-14T23:04:35+01:00" level=info msg="Successfully initialize configuration config/freecli.yaml" category=Init component=Freecli
time="2020-11-14T23:04:38+01:00" level=info msg="Loading configuration module..." category=App component=Freecli
time="2020-11-14T23:04:41+01:00" level=info msg="Exiting Freecli..." category=App component=Freecli
time="2020-11-14T23:04:44+01:00" level=info msg="Successfully initialize configuration config/freecli.yaml" category=Init component=Freecli
time="2020-11-14T23:04:46+01:00" level=info msg="Loading configuration module..." category=App component=Freecli
time="2020-11-14T23:05:09+01:00" level=info msg="Exiting Freecli..." category=App component=Freecli
time="2020-11-14T23:05:14+01:00" level=info msg="Successfully initialize configuration config/freecli.yaml" category=Init component=Freecli
time="2020-11-14T23:05:15+01:00" level=info msg="Loading configuration module..." category=Freecli component=Freecli
time="2020-11-14T23:05:36+01:00" level=info msg="Exiting Freecli..." category=Freecli component=Freecli
time="2020-11-14T23:05:38+01:00" level=info msg="Successfully initialize configuration config/freecli.yaml" category=Init component=Freecli
time="2020-11-14T23:05:40+01:00" level=info msg="Loading subscriber module..." category=Freecli component=Freecli
time="2020-11-14T23:05:41+01:00" level=info msg="Exiting Module..." category=Freecli component=Freecli
time="2020-11-14T23:05:41+01:00" level=info msg="Exiting Freecli..." category=Freecli component=Freecli
